C:\USERS\MAESTROANTH\DESKTOP\RATRACE - COPY - COPY\SDL PRACTICE\DEBUG\SDL PRACTICE.EXE
C:\USERS\MAESTROANTH\DESKTOP\RATRACE - COPY - COPY\SDL PRACTICE\DEBUG\SDL PRACTICE.ILK
C:\USERS\MAESTROANTH\DESKTOP\RATRACE - COPY - COPY\SDL PRACTICE\DEBUG\SDL PRACTICE.PDB
C:\Users\maestroanth\Desktop\RatRace - Copy - Copy\SDL Practice\SDL Practice\Debug\cl.command.1.tlog
C:\Users\maestroanth\Desktop\RatRace - Copy - Copy\SDL Practice\SDL Practice\Debug\CL.read.1.tlog
C:\Users\maestroanth\Desktop\RatRace - Copy - Copy\SDL Practice\SDL Practice\Debug\CL.write.1.tlog
C:\USERS\MAESTROANTH\DESKTOP\RATRACE - COPY - COPY\SDL PRACTICE\SDL PRACTICE\DEBUG\LESSON21.OBJ
C:\Users\maestroanth\Desktop\RatRace - Copy - Copy\SDL Practice\SDL Practice\Debug\link.command.1.tlog
C:\Users\maestroanth\Desktop\RatRace - Copy - Copy\SDL Practice\SDL Practice\Debug\link.read.1.tlog
C:\Users\maestroanth\Desktop\RatRace - Copy - Copy\SDL Practice\SDL Practice\Debug\link.write.1.tlog
C:\Users\maestroanth\Desktop\RatRace - Copy - Copy\SDL Practice\SDL Practice\Debug\mt.command.1.tlog
C:\Users\maestroanth\Desktop\RatRace - Copy - Copy\SDL Practice\SDL Practice\Debug\mt.read.1.tlog
C:\Users\maestroanth\Desktop\RatRace - Copy - Copy\SDL Practice\SDL Practice\Debug\mt.write.1.tlog
C:\USERS\MAESTROANTH\DESKTOP\RATRACE - COPY - COPY\SDL PRACTICE\SDL PRACTICE\DEBUG\SDL PRACTICE.EXE.INTERMEDIATE.MANIFEST
C:\USERS\MAESTROANTH\DESKTOP\RATRACE - COPY - COPY\SDL PRACTICE\SDL PRACTICE\DEBUG\SDL PRACTICE.OBJ
C:\USERS\MAESTROANTH\DESKTOP\RATRACE - COPY - COPY\SDL PRACTICE\SDL PRACTICE\DEBUG\SDLPRACTICE2.OBJ
C:\Users\maestroanth\Desktop\RatRace - Copy - Copy\SDL Practice\SDL Practice\Debug\vc100.idb
C:\USERS\MAESTROANTH\DESKTOP\RATRACE - COPY - COPY\SDL PRACTICE\SDL PRACTICE\DEBUG\VC100.PDB
C:\USERS\MAESTROANTH\DESKTOP\RATRACE - COPY\SDL PRACTICE\DEBUG\SDL PRACTICE.EXE
C:\USERS\MAESTROANTH\DESKTOP\RATRACE - COPY\SDL PRACTICE\DEBUG\SDL PRACTICE.ILK
C:\USERS\MAESTROANTH\DESKTOP\RATRACE - COPY\SDL PRACTICE\DEBUG\SDL PRACTICE.PDB
C:\USERS\MAESTROANTH\DESKTOP\RATRACE - COPY\SDL PRACTICE\SDL PRACTICE\DEBUG\SDL PRACTICE.EXE.INTERMEDIATE.MANIFEST
C:\USERS\MAESTROANTH\DESKTOP\RATRACE - COPY\SDL PRACTICE\SDL PRACTICE\DEBUG\SDLPRACTICE2.OBJ
C:\USERS\MAESTROANTH\DESKTOP\RATRACE - COPY\SDL PRACTICE\SDL PRACTICE\DEBUG\VC100.PDB
